[2026-01-29 12:44:16,120] [INFO] django.utils.autoreload - Watching for file changes with StatReloader
[2026-01-29 12:44:44,517] [INFO] django.utils.autoreload - Watching for file changes with StatReloader
[2026-01-29 12:45:20,434] [INFO] django.utils.autoreload - D:\python\ai1_django\dashboard\views.py changed, reloading.
[2026-01-29 12:45:21,370] [INFO] django.utils.autoreload - Watching for file changes with StatReloader
[2026-01-29 12:45:28,310] [INFO] django.utils.autoreload - Watching for file changes with StatReloader
[2026-01-29 12:49:24,812] [INFO] django.utils.autoreload - D:\python\ai1_django\dashboard\views.py changed, reloading.
[2026-01-29 12:49:25,629] [INFO] django.utils.autoreload - Watching for file changes with StatReloader
[2026-01-29 12:50:00,080] [INFO] django.utils.autoreload - D:\python\ai1_django\dashboard\views.py changed, reloading.
[2026-01-29 12:50:00,893] [INFO] django.utils.autoreload - Watching for file changes with StatReloader
[2026-01-29 12:52:13,678] [INFO] django.utils.autoreload - D:\python\ai1_django\dashboard\views.py changed, reloading.
[2026-01-29 12:52:14,705] [INFO] django.utils.autoreload - Watching for file changes with StatReloader
[2026-01-29 12:52:16,699] [INFO] dashboard.views - Chart viewed by: jikkyo han
[2026-01-29 12:53:15,554] [INFO] django.utils.autoreload - D:\python\ai1_django\dashboard\views.py changed, reloading.
[2026-01-29 12:53:16,416] [INFO] django.utils.autoreload - Watching for file changes with StatReloader
[2026-01-29 13:03:55,461] [INFO] dashboard.views - Chart viewed by: jikkyo han
[2026-01-29 13:04:11,420] [INFO] dashboard.views - Chart viewed by: jikkyo han
[2026-01-29 13:04:37,011] [INFO] dashboard.views - Chart viewed by: jikkyo han
[2026-01-29 13:04:44,955] [ERROR] django.request - Internal Server Error: /employees/search-cbv/
Traceback (most recent call last):
  File "D:\python\ai1_django\.venv\Lib\site-packages\django\core\handlers\exception.py", line 55, in inner
    response = get_response(request)
  File "D:\python\ai1_django\.venv\Lib\site-packages\django\core\handlers\base.py", line 197, in _get_response
    response = wrapped_callback(request, *callback_args, **callback_kwargs)
  File "D:\python\ai1_django\.venv\Lib\site-packages\django\views\generic\base.py", line 103, in view
    return self.dispatch(request, *args, **kwargs)
           ~~~~~~~~~~~~~^^^^^^^^^^^^^^^^^^^^^^^^^^
  File "D:\python\ai1_django\.venv\Lib\site-packages\django\views\generic\base.py", line 142, in dispatch
    return handler(request, *args, **kwargs)
  File "D:\python\ai1_django\employees\views.py", line 70, in get
    return render(request, "employees/employee_list.html", context)
  File "D:\python\ai1_django\.venv\Lib\site-packages\django\shortcuts.py", line 24, in render
    content = loader.render_to_string(template_name, context, request, using=using)
  File "D:\python\ai1_django\.venv\Lib\site-packages\django\template\loader.py", line 61, in render_to_string
    template = get_template(template_name, using=using)
  File "D:\python\ai1_django\.venv\Lib\site-packages\django\template\loader.py", line 19, in get_template
    raise TemplateDoesNotExist(template_name, chain=chain)
django.template.exceptions.TemplateDoesNotExist: employees/employee_list.html
[2026-01-29 13:04:46,912] [ERROR] django.request - Internal Server Error: /salaries/
Traceback (most recent call last):
  File "D:\python\ai1_django\.venv\Lib\site-packages\django\core\handlers\exception.py", line 55, in inner
    response = get_response(request)
  File "D:\python\ai1_django\.venv\Lib\site-packages\django\core\handlers\base.py", line 197, in _get_response
    response = wrapped_callback(request, *callback_args, **callback_kwargs)
  File "D:\python\ai1_django\salaries\views.py", line 4, in salary_list
    return render(request, 'salaries/list.html', {})  # 나중에 템플릿 추가
  File "D:\python\ai1_django\.venv\Lib\site-packages\django\shortcuts.py", line 24, in render
    content = loader.render_to_string(template_name, context, request, using=using)
  File "D:\python\ai1_django\.venv\Lib\site-packages\django\template\loader.py", line 61, in render_to_string
    template = get_template(template_name, using=using)
  File "D:\python\ai1_django\.venv\Lib\site-packages\django\template\loader.py", line 19, in get_template
    raise TemplateDoesNotExist(template_name, chain=chain)
django.template.exceptions.TemplateDoesNotExist: salaries/list.html
[2026-01-29 13:04:48,402] [ERROR] django.request - Internal Server Error: /titles/
Traceback (most recent call last):
  File "D:\python\ai1_django\.venv\Lib\site-packages\django\core\handlers\exception.py", line 55, in inner
    response = get_response(request)
  File "D:\python\ai1_django\.venv\Lib\site-packages\django\core\handlers\base.py", line 197, in _get_response
    response = wrapped_callback(request, *callback_args, **callback_kwargs)
  File "D:\python\ai1_django\.venv\Lib\site-packages\django\views\generic\base.py", line 103, in view
    return self.dispatch(request, *args, **kwargs)
           ~~~~~~~~~~~~~^^^^^^^^^^^^^^^^^^^^^^^^^^
  File "D:\python\ai1_django\.venv\Lib\site-packages\django\views\generic\base.py", line 142, in dispatch
    return handler(request, *args, **kwargs)
  File "D:\python\ai1_django\titles\views.py", line 12, in get
    return render(request, self.template_name, context)
  File "D:\python\ai1_django\.venv\Lib\site-packages\django\shortcuts.py", line 24, in render
    content = loader.render_to_string(template_name, context, request, using=using)
  File "D:\python\ai1_django\.venv\Lib\site-packages\django\template\loader.py", line 61, in render_to_string
    template = get_template(template_name, using=using)
  File "D:\python\ai1_django\.venv\Lib\site-packages\django\template\loader.py", line 19, in get_template
    raise TemplateDoesNotExist(template_name, chain=chain)
django.template.exceptions.TemplateDoesNotExist: titles_list.html
[2026-01-29 13:04:50,058] [INFO] dashboard.views - Chart viewed by: jikkyo han
[2026-01-29 13:04:53,288] [INFO] dashboard.views - Chart viewed by: jikkyo han
[2026-01-29 13:31:27,081] [INFO] django.utils.autoreload - D:\python\ai1_django\dashboard\views.py changed, reloading.
[2026-01-29 13:31:27,982] [INFO] django.utils.autoreload - Watching for file changes with StatReloader
[2026-01-29 13:31:28,333] [INFO] dashboard.views - Chart viewed by: jikkyo han
[2026-01-29 13:34:24,480] [INFO] dashboard.views - Chart viewed by: jikkyo han
[2026-01-29 13:34:24,604] [ERROR] django.request - Internal Server Error: /
Traceback (most recent call last):
  File "D:\python\ai1_django\.venv\Lib\site-packages\django\template\base.py", line 505, in parse
    compile_func = self.tags[command]
                   ~~~~~~~~~^^^^^^^^^
KeyError: 'static'

During handling of the above exception, another exception occurred:

Traceback (most recent call last):
  File "D:\python\ai1_django\.venv\Lib\site-packages\django\core\handlers\exception.py", line 55, in inner
    response = get_response(request)
  File "D:\python\ai1_django\.venv\Lib\site-packages\django\core\handlers\base.py", line 197, in _get_response
    response = wrapped_callback(request, *callback_args, **callback_kwargs)
  File "D:\python\ai1_django\.venv\Lib\site-packages\django\contrib\auth\decorators.py", line 23, in _wrapped_view
    return view_func(request, *args, **kwargs)
  File "D:\python\ai1_django\dashboard\views.py", line 62, in chart_view
    return render(request, 'chart.html', context)
  File "D:\python\ai1_django\.venv\Lib\site-packages\django\shortcuts.py", line 24, in render
    content = loader.render_to_string(template_name, context, request, using=using)
  File "D:\python\ai1_django\.venv\Lib\site-packages\django\template\loader.py", line 61, in render_to_string
    template = get_template(template_name, using=using)
  File "D:\python\ai1_django\.venv\Lib\site-packages\django\template\loader.py", line 15, in get_template
    return engine.get_template(template_name)
           ~~~~~~~~~~~~~~~~~~~^^^^^^^^^^^^^^^
  File "D:\python\ai1_django\.venv\Lib\site-packages\django\template\backends\django.py", line 34, in get_template
    return Template(self.engine.get_template(template_name), self)
                    ~~~~~~~~~~~~~~~~~~~~~~~~^^^^^^^^^^^^^^^
  File "D:\python\ai1_django\.venv\Lib\site-packages\django\template\engine.py", line 175, in get_template
    template, origin = self.find_template(template_name)
                       ~~~~~~~~~~~~~~~~~~^^^^^^^^^^^^^^^
  File "D:\python\ai1_django\.venv\Lib\site-packages\django\template\engine.py", line 157, in find_template
    template = loader.get_template(name, skip=skip)
  File "D:\python\ai1_django\.venv\Lib\site-packages\django\template\loaders\cached.py", line 57, in get_template
    template = super().get_template(template_name, skip)
  File "D:\python\ai1_django\.venv\Lib\site-packages\django\template\loaders\base.py", line 28, in get_template
    return Template(
        contents,
    ...<2 lines>...
        self.engine,
    )
  File "D:\python\ai1_django\.venv\Lib\site-packages\django\template\base.py", line 154, in __init__
    self.nodelist = self.compile_nodelist()
                    ~~~~~~~~~~~~~~~~~~~~~^^
  File "D:\python\ai1_django\.venv\Lib\site-packages\django\template\base.py", line 200, in compile_nodelist
    return parser.parse()
           ~~~~~~~~~~~~^^
  File "D:\python\ai1_django\.venv\Lib\site-packages\django\template\base.py", line 513, in parse
    raise self.error(token, e)
  File "D:\python\ai1_django\.venv\Lib\site-packages\django\template\base.py", line 511, in parse
    compiled_result = compile_func(self, token)
  File "D:\python\ai1_django\.venv\Lib\site-packages\django\template\loader_tags.py", line 293, in do_extends
    nodelist = parser.parse()
  File "D:\python\ai1_django\.venv\Lib\site-packages\django\template\base.py", line 513, in parse
    raise self.error(token, e)
  File "D:\python\ai1_django\.venv\Lib\site-packages\django\template\base.py", line 511, in parse
    compiled_result = compile_func(self, token)
  File "D:\python\ai1_django\.venv\Lib\site-packages\django\template\loader_tags.py", line 232, in do_block
    nodelist = parser.parse(("endblock",))
  File "D:\python\ai1_django\.venv\Lib\site-packages\django\template\base.py", line 507, in parse
    self.invalid_block_tag(token, command, parse_until)
    ~~~~~~~~~~~~~~~~~~~~~~^^^^^^^^^^^^^^^^^^^^^^^^^^^^^
  File "D:\python\ai1_django\.venv\Lib\site-packages\django\template\base.py", line 558, in invalid_block_tag
    raise self.error(
    ...<8 lines>...
    )
django.template.exceptions.TemplateSyntaxError: Invalid block tag on line 48: 'static', expected 'endblock'. Did you forget to register or load this tag?
[2026-01-29 13:34:56,818] [INFO] dashboard.views - Chart viewed by: jikkyo han
[2026-01-29 13:36:56,514] [INFO] django.utils.autoreload - D:\python\ai1_django\dashboard\views.py changed, reloading.
[2026-01-29 13:36:57,317] [INFO] django.utils.autoreload - Watching for file changes with StatReloader
[2026-01-29 13:36:57,670] [INFO] dashboard.views - Chart viewed by: jikkyo han
[2026-01-29 13:37:30,259] [INFO] django.utils.autoreload - D:\python\ai1_django\dashboard\views.py changed, reloading.
[2026-01-29 13:37:31,073] [INFO] django.utils.autoreload - Watching for file changes with StatReloader
[2026-01-29 13:37:31,433] [INFO] dashboard.views - Chart viewed by: jikkyo han
[2026-01-29 13:39:36,201] [INFO] dashboard.views - Chart viewed by: jikkyo han
[2026-01-29 13:41:35,520] [INFO] dashboard.views - Chart viewed by: jikkyo han
[2026-01-29 13:41:42,245] [INFO] dashboard.views - Chart viewed by: jikkyo han
[2026-01-29 13:48:13,144] [INFO] dashboard.views - Chart viewed by: jikkyo han
[2026-01-29 13:48:17,477] [WARNING] django.request - Not Found: /aaa
[2026-01-29 13:49:06,454] [INFO] django.utils.autoreload - D:\python\ai1_django\config\settings.py changed, reloading.
[2026-01-29 13:49:54,925] [INFO] django.utils.autoreload - Watching for file changes with StatReloader
[2026-01-29 13:49:56,844] [ERROR] django.security.DisallowedHost - Invalid HTTP_HOST header: '127.0.0.1:8000'. You may need to add '127.0.0.1' to ALLOWED_HOSTS.
Traceback (most recent call last):
  File "D:\python\ai1_django\.venv\Lib\site-packages\django\core\handlers\exception.py", line 55, in inner
    response = get_response(request)
  File "D:\python\ai1_django\.venv\Lib\site-packages\django\utils\deprecation.py", line 135, in __call__
    response = self.process_request(request)
  File "D:\python\ai1_django\.venv\Lib\site-packages\django\middleware\common.py", line 48, in process_request
    host = request.get_host()
  File "D:\python\ai1_django\.venv\Lib\site-packages\django\http\request.py", line 148, in get_host
    raise DisallowedHost(msg)
django.core.exceptions.DisallowedHost: Invalid HTTP_HOST header: '127.0.0.1:8000'. You may need to add '127.0.0.1' to ALLOWED_HOSTS.
[2026-01-29 13:49:56,872] [ERROR] django.security.DisallowedHost - Invalid HTTP_HOST header: '127.0.0.1:8000'. You may need to add '127.0.0.1' to ALLOWED_HOSTS.
Traceback (most recent call last):
  File "D:\python\ai1_django\.venv\Lib\site-packages\django\core\handlers\exception.py", line 55, in inner
    response = get_response(request)
  File "D:\python\ai1_django\.venv\Lib\site-packages\django\utils\deprecation.py", line 135, in __call__
    response = self.process_request(request)
  File "D:\python\ai1_django\.venv\Lib\site-packages\django\middleware\common.py", line 48, in process_request
    host = request.get_host()
  File "D:\python\ai1_django\.venv\Lib\site-packages\django\http\request.py", line 148, in get_host
    raise DisallowedHost(msg)
django.core.exceptions.DisallowedHost: Invalid HTTP_HOST header: '127.0.0.1:8000'. You may need to add '127.0.0.1' to ALLOWED_HOSTS.
[2026-01-29 13:49:57,053] [WARNING] django.request - Bad Request: /
[2026-01-29 13:49:57,055] [WARNING] django.request - Bad Request: /
[2026-01-29 13:50:09,711] [ERROR] django.security.DisallowedHost - Invalid HTTP_HOST header: '127.0.0.1:8000'. You may need to add '127.0.0.1' to ALLOWED_HOSTS.
Traceback (most recent call last):
  File "D:\python\ai1_django\.venv\Lib\site-packages\django\core\handlers\exception.py", line 55, in inner
    response = get_response(request)
  File "D:\python\ai1_django\.venv\Lib\site-packages\django\utils\deprecation.py", line 135, in __call__
    response = self.process_request(request)
  File "D:\python\ai1_django\.venv\Lib\site-packages\django\middleware\common.py", line 48, in process_request
    host = request.get_host()
  File "D:\python\ai1_django\.venv\Lib\site-packages\django\http\request.py", line 148, in get_host
    raise DisallowedHost(msg)
django.core.exceptions.DisallowedHost: Invalid HTTP_HOST header: '127.0.0.1:8000'. You may need to add '127.0.0.1' to ALLOWED_HOSTS.
[2026-01-29 13:50:09,740] [WARNING] django.request - Bad Request: /
[2026-01-29 13:50:21,700] [ERROR] django.security.DisallowedHost - Invalid HTTP_HOST header: '127.0.0.1:8000'. You may need to add '127.0.0.1' to ALLOWED_HOSTS.
Traceback (most recent call last):
  File "D:\python\ai1_django\.venv\Lib\site-packages\django\core\handlers\exception.py", line 55, in inner
    response = get_response(request)
  File "D:\python\ai1_django\.venv\Lib\site-packages\django\utils\deprecation.py", line 135, in __call__
    response = self.process_request(request)
  File "D:\python\ai1_django\.venv\Lib\site-packages\django\middleware\common.py", line 48, in process_request
    host = request.get_host()
  File "D:\python\ai1_django\.venv\Lib\site-packages\django\http\request.py", line 148, in get_host
    raise DisallowedHost(msg)
django.core.exceptions.DisallowedHost: Invalid HTTP_HOST header: '127.0.0.1:8000'. You may need to add '127.0.0.1' to ALLOWED_HOSTS.
[2026-01-29 13:50:21,730] [WARNING] django.request - Bad Request: /home/
[2026-01-29 13:50:59,702] [INFO] django.utils.autoreload - D:\python\ai1_django\config\settings.py changed, reloading.
[2026-01-29 13:51:00,605] [INFO] django.utils.autoreload - Watching for file changes with StatReloader
[2026-01-29 13:51:03,206] [INFO] django.utils.autoreload - D:\python\ai1_django\config\settings.py changed, reloading.
[2026-01-29 13:51:04,040] [INFO] django.utils.autoreload - Watching for file changes with StatReloader
[2026-01-29 13:51:04,532] [WARNING] django.request - Not Found: /home/
[2026-01-29 13:51:04,578] [WARNING] django.request - Not Found: /static/
[2026-01-29 13:51:08,924] [INFO] dashboard.views - Chart viewed by: jikkyo han
[2026-01-29 13:54:55,484] [INFO] dashboard.views - Chart viewed by: jikkyo han
[2026-01-29 13:54:58,522] [WARNING] django.request - Not Found: /이ㅓ
[2026-01-29 13:54:58,563] [WARNING] django.request - Not Found: /static/
[2026-01-29 13:55:41,530] [WARNING] django.request - Not Found: /이ㅓ
[2026-01-29 13:55:41,572] [WARNING] django.request - Not Found: /static/
[2026-01-29 13:56:01,994] [ERROR] django.request - Internal Server Error: /employees/search-cbv/
Traceback (most recent call last):
  File "D:\python\ai1_django\.venv\Lib\site-packages\django\core\handlers\exception.py", line 55, in inner
    response = get_response(request)
  File "D:\python\ai1_django\.venv\Lib\site-packages\django\core\handlers\base.py", line 197, in _get_response
    response = wrapped_callback(request, *callback_args, **callback_kwargs)
  File "D:\python\ai1_django\.venv\Lib\site-packages\django\views\generic\base.py", line 103, in view
    return self.dispatch(request, *args, **kwargs)
           ~~~~~~~~~~~~~^^^^^^^^^^^^^^^^^^^^^^^^^^
  File "D:\python\ai1_django\.venv\Lib\site-packages\django\views\generic\base.py", line 142, in dispatch
    return handler(request, *args, **kwargs)
  File "D:\python\ai1_django\employees\views.py", line 70, in get
    return render(request, "employees/employee_list.html", context)
  File "D:\python\ai1_django\.venv\Lib\site-packages\django\shortcuts.py", line 24, in render
    content = loader.render_to_string(template_name, context, request, using=using)
  File "D:\python\ai1_django\.venv\Lib\site-packages\django\template\loader.py", line 61, in render_to_string
    template = get_template(template_name, using=using)
  File "D:\python\ai1_django\.venv\Lib\site-packages\django\template\loader.py", line 19, in get_template
    raise TemplateDoesNotExist(template_name, chain=chain)
django.template.exceptions.TemplateDoesNotExist: employees/employee_list.html
[2026-01-29 13:56:02,091] [WARNING] django.request - Not Found: /static/
[2026-01-29 13:56:11,378] [ERROR] django.request - Internal Server Error: /employees/search-cbv/
Traceback (most recent call last):
  File "D:\python\ai1_django\.venv\Lib\site-packages\django\core\handlers\exception.py", line 55, in inner
    response = get_response(request)
  File "D:\python\ai1_django\.venv\Lib\site-packages\django\core\handlers\base.py", line 197, in _get_response
    response = wrapped_callback(request, *callback_args, **callback_kwargs)
  File "D:\python\ai1_django\.venv\Lib\site-packages\django\views\generic\base.py", line 103, in view
    return self.dispatch(request, *args, **kwargs)
           ~~~~~~~~~~~~~^^^^^^^^^^^^^^^^^^^^^^^^^^
  File "D:\python\ai1_django\.venv\Lib\site-packages\django\views\generic\base.py", line 142, in dispatch
    return handler(request, *args, **kwargs)
  File "D:\python\ai1_django\employees\views.py", line 70, in get
    return render(request, "employees/employee_list.html", context)
  File "D:\python\ai1_django\.venv\Lib\site-packages\django\shortcuts.py", line 24, in render
    content = loader.render_to_string(template_name, context, request, using=using)
  File "D:\python\ai1_django\.venv\Lib\site-packages\django\template\loader.py", line 61, in render_to_string
    template = get_template(template_name, using=using)
  File "D:\python\ai1_django\.venv\Lib\site-packages\django\template\loader.py", line 19, in get_template
    raise TemplateDoesNotExist(template_name, chain=chain)
django.template.exceptions.TemplateDoesNotExist: employees/employee_list.html
[2026-01-29 13:56:11,436] [WARNING] django.request - Not Found: /static/
[2026-01-29 13:57:31,527] [INFO] dashboard.views - Chart viewed by: jikkyo han
[2026-01-29 13:57:35,259] [ERROR] django.request - Internal Server Error: /salaries/
Traceback (most recent call last):
  File "D:\python\ai1_django\.venv\Lib\site-packages\django\core\handlers\exception.py", line 55, in inner
    response = get_response(request)
  File "D:\python\ai1_django\.venv\Lib\site-packages\django\core\handlers\base.py", line 197, in _get_response
    response = wrapped_callback(request, *callback_args, **callback_kwargs)
  File "D:\python\ai1_django\salaries\views.py", line 4, in salary_list
    return render(request, 'salaries/list.html', {})  # 나중에 템플릿 추가
  File "D:\python\ai1_django\.venv\Lib\site-packages\django\shortcuts.py", line 24, in render
    content = loader.render_to_string(template_name, context, request, using=using)
  File "D:\python\ai1_django\.venv\Lib\site-packages\django\template\loader.py", line 61, in render_to_string
    template = get_template(template_name, using=using)
  File "D:\python\ai1_django\.venv\Lib\site-packages\django\template\loader.py", line 19, in get_template
    raise TemplateDoesNotExist(template_name, chain=chain)
django.template.exceptions.TemplateDoesNotExist: salaries/list.html
[2026-01-29 13:57:35,326] [WARNING] django.request - Not Found: /static/
[2026-01-29 13:57:37,551] [ERROR] django.request - Internal Server Error: /titles/
Traceback (most recent call last):
  File "D:\python\ai1_django\.venv\Lib\site-packages\django\core\handlers\exception.py", line 55, in inner
    response = get_response(request)
  File "D:\python\ai1_django\.venv\Lib\site-packages\django\core\handlers\base.py", line 197, in _get_response
    response = wrapped_callback(request, *callback_args, **callback_kwargs)
  File "D:\python\ai1_django\.venv\Lib\site-packages\django\views\generic\base.py", line 103, in view
    return self.dispatch(request, *args, **kwargs)
           ~~~~~~~~~~~~~^^^^^^^^^^^^^^^^^^^^^^^^^^
  File "D:\python\ai1_django\.venv\Lib\site-packages\django\views\generic\base.py", line 142, in dispatch
    return handler(request, *args, **kwargs)
  File "D:\python\ai1_django\titles\views.py", line 12, in get
    return render(request, self.template_name, context)
  File "D:\python\ai1_django\.venv\Lib\site-packages\django\shortcuts.py", line 24, in render
    content = loader.render_to_string(template_name, context, request, using=using)
  File "D:\python\ai1_django\.venv\Lib\site-packages\django\template\loader.py", line 61, in render_to_string
    template = get_template(template_name, using=using)
  File "D:\python\ai1_django\.venv\Lib\site-packages\django\template\loader.py", line 19, in get_template
    raise TemplateDoesNotExist(template_name, chain=chain)
django.template.exceptions.TemplateDoesNotExist: titles_list.html
[2026-01-29 13:57:37,612] [WARNING] django.request - Not Found: /static/
[2026-01-29 13:57:38,591] [INFO] dashboard.views - Chart viewed by: jikkyo han
[2026-01-29 13:57:39,429] [ERROR] django.request - Internal Server Error: /employees/search-cbv/
Traceback (most recent call last):
  File "D:\python\ai1_django\.venv\Lib\site-packages\django\core\handlers\exception.py", line 55, in inner
    response = get_response(request)
  File "D:\python\ai1_django\.venv\Lib\site-packages\django\core\handlers\base.py", line 197, in _get_response
    response = wrapped_callback(request, *callback_args, **callback_kwargs)
  File "D:\python\ai1_django\.venv\Lib\site-packages\django\views\generic\base.py", line 103, in view
    return self.dispatch(request, *args, **kwargs)
           ~~~~~~~~~~~~~^^^^^^^^^^^^^^^^^^^^^^^^^^
  File "D:\python\ai1_django\.venv\Lib\site-packages\django\views\generic\base.py", line 142, in dispatch
    return handler(request, *args, **kwargs)
  File "D:\python\ai1_django\employees\views.py", line 70, in get
    return render(request, "employees/employee_list.html", context)
  File "D:\python\ai1_django\.venv\Lib\site-packages\django\shortcuts.py", line 24, in render
    content = loader.render_to_string(template_name, context, request, using=using)
  File "D:\python\ai1_django\.venv\Lib\site-packages\django\template\loader.py", line 61, in render_to_string
    template = get_template(template_name, using=using)
  File "D:\python\ai1_django\.venv\Lib\site-packages\django\template\loader.py", line 19, in get_template
    raise TemplateDoesNotExist(template_name, chain=chain)
django.template.exceptions.TemplateDoesNotExist: employees/employee_list.html
[2026-01-29 13:57:39,488] [WARNING] django.request - Not Found: /static/
[2026-01-29 13:57:43,890] [INFO] dashboard.views - Chart viewed by: jikkyo han
[2026-01-29 14:01:04,262] [WARNING] django.request - Not Found: /static/
[2026-01-29 14:01:12,361] [WARNING] django.request - Not Found: /departments/table
[2026-01-29 14:01:12,405] [WARNING] django.request - Not Found: /static/
[2026-01-29 14:01:45,434] [INFO] django.utils.autoreload - D:\python\ai1_django\departments\views.py changed, reloading.
[2026-01-29 14:01:46,267] [INFO] django.utils.autoreload - Watching for file changes with StatReloader
[2026-01-29 14:01:55,140] [INFO] django.utils.autoreload - D:\python\ai1_django\departments\views.py changed, reloading.
[2026-01-29 14:01:56,003] [INFO] django.utils.autoreload - Watching for file changes with StatReloader
[2026-01-29 14:04:37,003] [WARNING] django.request - Not Found: /static/
[2026-01-29 14:04:40,929] [WARNING] django.request - Not Found: /departments/adgdsag
[2026-01-29 14:04:40,972] [WARNING] django.request - Not Found: /static/
[2026-01-29 14:04:45,309] [WARNING] django.request - Not Found: /departments/ddddd
[2026-01-29 14:04:45,342] [WARNING] django.request - Not Found: /static/
[2026-01-29 14:04:47,800] [ERROR] django.request - Internal Server Error: /titles/
Traceback (most recent call last):
  File "D:\python\ai1_django\.venv\Lib\site-packages\django\core\handlers\exception.py", line 55, in inner
    response = get_response(request)
  File "D:\python\ai1_django\.venv\Lib\site-packages\django\core\handlers\base.py", line 197, in _get_response
    response = wrapped_callback(request, *callback_args, **callback_kwargs)
  File "D:\python\ai1_django\.venv\Lib\site-packages\django\views\generic\base.py", line 103, in view
    return self.dispatch(request, *args, **kwargs)
           ~~~~~~~~~~~~~^^^^^^^^^^^^^^^^^^^^^^^^^^
  File "D:\python\ai1_django\.venv\Lib\site-packages\django\views\generic\base.py", line 142, in dispatch
    return handler(request, *args, **kwargs)
  File "D:\python\ai1_django\titles\views.py", line 12, in get
    return render(request, self.template_name, context)
  File "D:\python\ai1_django\.venv\Lib\site-packages\django\shortcuts.py", line 24, in render
    content = loader.render_to_string(template_name, context, request, using=using)
  File "D:\python\ai1_django\.venv\Lib\site-packages\django\template\loader.py", line 61, in render_to_string
    template = get_template(template_name, using=using)
  File "D:\python\ai1_django\.venv\Lib\site-packages\django\template\loader.py", line 19, in get_template
    raise TemplateDoesNotExist(template_name, chain=chain)
django.template.exceptions.TemplateDoesNotExist: titles_list.html
[2026-01-29 14:04:47,884] [WARNING] django.request - Not Found: /static/
[2026-01-29 14:04:50,850] [ERROR] django.request - Internal Server Error: /titles/
Traceback (most recent call last):
  File "D:\python\ai1_django\.venv\Lib\site-packages\django\core\handlers\exception.py", line 55, in inner
    response = get_response(request)
  File "D:\python\ai1_django\.venv\Lib\site-packages\django\core\handlers\base.py", line 197, in _get_response
    response = wrapped_callback(request, *callback_args, **callback_kwargs)
  File "D:\python\ai1_django\.venv\Lib\site-packages\django\views\generic\base.py", line 103, in view
    return self.dispatch(request, *args, **kwargs)
           ~~~~~~~~~~~~~^^^^^^^^^^^^^^^^^^^^^^^^^^
  File "D:\python\ai1_django\.venv\Lib\site-packages\django\views\generic\base.py", line 142, in dispatch
    return handler(request, *args, **kwargs)
  File "D:\python\ai1_django\titles\views.py", line 12, in get
    return render(request, self.template_name, context)
  File "D:\python\ai1_django\.venv\Lib\site-packages\django\shortcuts.py", line 24, in render
    content = loader.render_to_string(template_name, context, request, using=using)
  File "D:\python\ai1_django\.venv\Lib\site-packages\django\template\loader.py", line 61, in render_to_string
    template = get_template(template_name, using=using)
  File "D:\python\ai1_django\.venv\Lib\site-packages\django\template\loader.py", line 19, in get_template
    raise TemplateDoesNotExist(template_name, chain=chain)
django.template.exceptions.TemplateDoesNotExist: titles_list.html
[2026-01-29 14:04:50,901] [WARNING] django.request - Not Found: /static/
[2026-01-29 14:05:14,487] [ERROR] django.request - Internal Server Error: /employees/search-cbv/
Traceback (most recent call last):
  File "D:\python\ai1_django\.venv\Lib\site-packages\django\core\handlers\exception.py", line 55, in inner
    response = get_response(request)
  File "D:\python\ai1_django\.venv\Lib\site-packages\django\core\handlers\base.py", line 197, in _get_response
    response = wrapped_callback(request, *callback_args, **callback_kwargs)
  File "D:\python\ai1_django\.venv\Lib\site-packages\django\views\generic\base.py", line 103, in view
    return self.dispatch(request, *args, **kwargs)
           ~~~~~~~~~~~~~^^^^^^^^^^^^^^^^^^^^^^^^^^
  File "D:\python\ai1_django\.venv\Lib\site-packages\django\views\generic\base.py", line 142, in dispatch
    return handler(request, *args, **kwargs)
  File "D:\python\ai1_django\employees\views.py", line 70, in get
    return render(request, "employees/employee_list.html", context)
  File "D:\python\ai1_django\.venv\Lib\site-packages\django\shortcuts.py", line 24, in render
    content = loader.render_to_string(template_name, context, request, using=using)
  File "D:\python\ai1_django\.venv\Lib\site-packages\django\template\loader.py", line 61, in render_to_string
    template = get_template(template_name, using=using)
  File "D:\python\ai1_django\.venv\Lib\site-packages\django\template\loader.py", line 19, in get_template
    raise TemplateDoesNotExist(template_name, chain=chain)
django.template.exceptions.TemplateDoesNotExist: employees/employee_list.html
[2026-01-29 14:05:14,548] [WARNING] django.request - Not Found: /static/
[2026-01-29 14:06:09,028] [WARNING] django.request - Not Found: /static/
[2026-01-29 14:06:10,515] [WARNING] django.request - Not Found: /static/
[2026-01-29 14:07:16,556] [WARNING] django.request - Not Found: /static/
[2026-01-29 14:08:17,370] [WARNING] django.request - Not Found: /static/
[2026-01-29 14:09:38,247] [WARNING] django.request - Not Found: /static/
[2026-01-29 14:09:44,131] [WARNING] django.request - Not Found: /static/
[2026-01-29 14:09:47,346] [WARNING] django.request - Not Found: /static/
[2026-01-29 14:10:12,222] [WARNING] django.request - Not Found: /static/
[2026-01-29 14:10:24,484] [ERROR] django.request - Internal Server Error: /departments/d001/edit
Traceback (most recent call last):
  File "D:\python\ai1_django\.venv\Lib\site-packages\django\core\handlers\exception.py", line 55, in inner
    response = get_response(request)
  File "D:\python\ai1_django\.venv\Lib\site-packages\django\core\handlers\base.py", line 197, in _get_response
    response = wrapped_callback(request, *callback_args, **callback_kwargs)
  File "D:\python\ai1_django\.venv\Lib\site-packages\django\views\generic\base.py", line 103, in view
    return self.dispatch(request, *args, **kwargs)
           ~~~~~~~~~~~~~^^^^^^^^^^^^^^^^^^^^^^^^^^
  File "D:\python\ai1_django\.venv\Lib\site-packages\django\views\generic\base.py", line 142, in dispatch
    return handler(request, *args, **kwargs)
  File "D:\python\ai1_django\.venv\Lib\site-packages\django\views\generic\edit.py", line 203, in get
    self.object = self.get_object()
                  ~~~~~~~~~~~~~~~^^
  File "D:\python\ai1_django\.venv\Lib\site-packages\django\views\generic\detail.py", line 46, in get_object
    raise AttributeError(
    ...<2 lines>...
    )
AttributeError: Generic detail view DepartmentsUpdateView must be called with either an object pk or a slug in the URLconf.
[2026-01-29 14:10:24,547] [WARNING] django.request - Not Found: /static/
[2026-01-29 14:10:28,547] [WARNING] django.request - Not Found: /static/
[2026-01-29 14:12:18,810] [INFO] django.utils.autoreload - D:\python\ai1_django\departments\views.py changed, reloading.
[2026-01-29 14:12:19,834] [INFO] django.utils.autoreload - Watching for file changes with StatReloader
[2026-01-29 14:12:20,086] [WARNING] django.request - Not Found: /static/
